[0.012s] Invoking command in '/home/plsh/self_balancing_ws/build/self_balancing_bot': CMAKE_PREFIX_PATH=${CMAKE_PREFIX_PATH}:/home/plsh/robotics_ws/install/arm_teleop:/opt/ros/lyrical DEBUGINFOD_URLS=https://debuginfod.ubuntu.com /usr/bin/cmake /home/plsh/self_balancing_ws/src/self_balancing_bot -DCMAKE_INSTALL_PREFIX=/home/plsh/self_balancing_ws/install/self_balancing_bot
[0.141s] -- The C compiler identification is GNU 15.2.0
[0.269s] -- The CXX compiler identification is GNU 15.2.0
[0.281s] -- Detecting C compiler ABI info
[0.377s] -- Detecting C compiler ABI info - done
[0.391s] -- Check for working C compiler: /usr/bin/cc - skipped
[0.392s] -- Detecting C compile features
[0.392s] -- Detecting C compile features - done
[0.409s] -- Detecting CXX compiler ABI info
[0.505s] -- Detecting CXX compiler ABI info - done
[0.518s] -- Check for working CXX compiler: /usr/bin/c++ - skipped
[0.518s] -- Detecting CXX compile features
[0.519s] -- Detecting CXX compile features - done
[0.544s] -- Found ament_cmake: 2.8.7 (/opt/ros/lyrical/share/ament_cmake/cmake)
[1.144s] -- Found ament_lint_auto: 0.20.6 (/opt/ros/lyrical/share/ament_lint_auto/cmake)
[1.275s] -- Added test 'flake8' to check Python code syntax and style conventions
[1.275s] -- Configured 'flake8' exclude dirs and/or files: 
[1.276s] -- Added test 'lint_cmake' to check CMake code style
[1.278s] -- Added test 'pep257' to check Python code against some of the docstring style conventions in PEP 257
[1.281s] -- Added test 'xmllint' to check XML markup files
[1.284s] -- Configuring done (1.3s)
[1.288s] -- Generating done (0.0s)
[1.290s] -- Build files have been written to: /home/plsh/self_balancing_ws/build/self_balancing_bot
[1.295s] Invoked command in '/home/plsh/self_balancing_ws/build/self_balancing_bot' returned '0': CMAKE_PREFIX_PATH=${CMAKE_PREFIX_PATH}:/home/plsh/robotics_ws/install/arm_teleop:/opt/ros/lyrical DEBUGINFOD_URLS=https://debuginfod.ubuntu.com /usr/bin/cmake /home/plsh/self_balancing_ws/src/self_balancing_bot -DCMAKE_INSTALL_PREFIX=/home/plsh/self_balancing_ws/install/self_balancing_bot
[1.296s] Invoking command in '/home/plsh/self_balancing_ws/build/self_balancing_bot': CMAKE_PREFIX_PATH=${CMAKE_PREFIX_PATH}:/home/plsh/robotics_ws/install/arm_teleop:/opt/ros/lyrical DEBUGINFOD_URLS=https://debuginfod.ubuntu.com /usr/bin/cmake --build /home/plsh/self_balancing_ws/build/self_balancing_bot -- -j12 -l12
[1.337s] Invoked command in '/home/plsh/self_balancing_ws/build/self_balancing_bot' returned '0': CMAKE_PREFIX_PATH=${CMAKE_PREFIX_PATH}:/home/plsh/robotics_ws/install/arm_teleop:/opt/ros/lyrical DEBUGINFOD_URLS=https://debuginfod.ubuntu.com /usr/bin/cmake --build /home/plsh/self_balancing_ws/build/self_balancing_bot -- -j12 -l12
[1.347s] Invoking command in '/home/plsh/self_balancing_ws/build/self_balancing_bot': CMAKE_PREFIX_PATH=${CMAKE_PREFIX_PATH}:/home/plsh/robotics_ws/install/arm_teleop:/opt/ros/lyrical DEBUGINFOD_URLS=https://debuginfod.ubuntu.com /usr/bin/cmake --install /home/plsh/self_balancing_ws/build/self_balancing_bot
[1.355s] -- Install configuration: ""
[1.355s] -- Installing: /home/plsh/self_balancing_ws/install/self_balancing_bot/share/self_balancing_bot//launch
[1.355s] -- Installing: /home/plsh/self_balancing_ws/install/self_balancing_bot/share/self_balancing_bot//launch/gazebo.launch.py
[1.355s] -- Installing: /home/plsh/self_balancing_ws/install/self_balancing_bot/share/self_balancing_bot//config
[1.356s] -- Installing: /home/plsh/self_balancing_ws/install/self_balancing_bot/share/self_balancing_bot//urdf
[1.356s] -- Installing: /home/plsh/self_balancing_ws/install/self_balancing_bot/share/self_balancing_bot//urdf/robot.urdf.xacro
[1.356s] -- Installing: /home/plsh/self_balancing_ws/install/self_balancing_bot/share/self_balancing_bot//meshes
[1.356s] -- Installing: /home/plsh/self_balancing_ws/install/self_balancing_bot/share/self_balancing_bot//worlds
[1.356s] -- Installing: /home/plsh/self_balancing_ws/install/self_balancing_bot/share/self_balancing_bot//worlds/basic_world.sdf
[1.356s] -- Installing: /home/plsh/self_balancing_ws/install/self_balancing_bot/share/ament_index/resource_index/package_run_dependencies/self_balancing_bot
[1.356s] -- Installing: /home/plsh/self_balancing_ws/install/self_balancing_bot/share/ament_index/resource_index/parent_prefix_path/self_balancing_bot
[1.356s] -- Installing: /home/plsh/self_balancing_ws/install/self_balancing_bot/share/self_balancing_bot/environment/ament_prefix_path.sh
[1.356s] -- Installing: /home/plsh/self_balancing_ws/install/self_balancing_bot/share/self_balancing_bot/environment/ament_prefix_path.dsv
[1.356s] -- Installing: /home/plsh/self_balancing_ws/install/self_balancing_bot/share/self_balancing_bot/environment/path.sh
[1.357s] -- Installing: /home/plsh/self_balancing_ws/install/self_balancing_bot/share/self_balancing_bot/environment/path.dsv
[1.357s] -- Installing: /home/plsh/self_balancing_ws/install/self_balancing_bot/share/self_balancing_bot/local_setup.bash
[1.357s] -- Installing: /home/plsh/self_balancing_ws/install/self_balancing_bot/share/self_balancing_bot/local_setup.fish
[1.357s] -- Installing: /home/plsh/self_balancing_ws/install/self_balancing_bot/share/self_balancing_bot/local_setup.sh
[1.357s] -- Installing: /home/plsh/self_balancing_ws/install/self_balancing_bot/share/self_balancing_bot/local_setup.zsh
[1.357s] -- Installing: /home/plsh/self_balancing_ws/install/self_balancing_bot/share/self_balancing_bot/local_setup.dsv
[1.357s] -- Installing: /home/plsh/self_balancing_ws/install/self_balancing_bot/share/self_balancing_bot/package.dsv
[1.357s] -- Installing: /home/plsh/self_balancing_ws/install/self_balancing_bot/share/ament_index/resource_index/packages/self_balancing_bot
[1.358s] -- Installing: /home/plsh/self_balancing_ws/install/self_balancing_bot/share/self_balancing_bot/cmake/self_balancing_botConfig.cmake
[1.358s] -- Installing: /home/plsh/self_balancing_ws/install/self_balancing_bot/share/self_balancing_bot/cmake/self_balancing_botConfig-version.cmake
[1.358s] -- Installing: /home/plsh/self_balancing_ws/install/self_balancing_bot/share/self_balancing_bot/package.xml
[1.359s] Invoked command in '/home/plsh/self_balancing_ws/build/self_balancing_bot' returned '0': CMAKE_PREFIX_PATH=${CMAKE_PREFIX_PATH}:/home/plsh/robotics_ws/install/arm_teleop:/opt/ros/lyrical DEBUGINFOD_URLS=https://debuginfod.ubuntu.com /usr/bin/cmake --install /home/plsh/self_balancing_ws/build/self_balancing_bot
