[0.012s] Invoking command in '/home/plsh/self_balancing_ws/build/self_balancing_bot': CMAKE_PREFIX_PATH=${CMAKE_PREFIX_PATH}:/home/plsh/robotics_ws/install/arm_teleop:/opt/ros/lyrical DEBUGINFOD_URLS=https://debuginfod.ubuntu.com /usr/bin/cmake --build /home/plsh/self_balancing_ws/build/self_balancing_bot -- -j12 -l12
[0.058s] Invoked command in '/home/plsh/self_balancing_ws/build/self_balancing_bot' returned '0': CMAKE_PREFIX_PATH=${CMAKE_PREFIX_PATH}:/home/plsh/robotics_ws/install/arm_teleop:/opt/ros/lyrical DEBUGINFOD_URLS=https://debuginfod.ubuntu.com /usr/bin/cmake --build /home/plsh/self_balancing_ws/build/self_balancing_bot -- -j12 -l12
[0.069s] Invoking command in '/home/plsh/self_balancing_ws/build/self_balancing_bot': CMAKE_PREFIX_PATH=${CMAKE_PREFIX_PATH}:/home/plsh/robotics_ws/install/arm_teleop:/opt/ros/lyrical DEBUGINFOD_URLS=https://debuginfod.ubuntu.com /usr/bin/cmake --install /home/plsh/self_balancing_ws/build/self_balancing_bot
[0.078s] -- Install configuration: ""
[0.078s] -- Up-to-date: /home/plsh/self_balancing_ws/install/self_balancing_bot/share/self_balancing_bot//launch
[0.078s] -- Up-to-date: /home/plsh/self_balancing_ws/install/self_balancing_bot/share/self_balancing_bot//launch/gazebo.launch.py
[0.078s] -- Up-to-date: /home/plsh/self_balancing_ws/install/self_balancing_bot/share/self_balancing_bot//config
[0.078s] -- Up-to-date: /home/plsh/self_balancing_ws/install/self_balancing_bot/share/self_balancing_bot//urdf
[0.078s] -- Installing: /home/plsh/self_balancing_ws/install/self_balancing_bot/share/self_balancing_bot//urdf/robot.urdf.xacro
[0.078s] -- Up-to-date: /home/plsh/self_balancing_ws/install/self_balancing_bot/share/self_balancing_bot//meshes
[0.078s] -- Up-to-date: /home/plsh/self_balancing_ws/install/self_balancing_bot/share/self_balancing_bot//worlds
[0.078s] -- Up-to-date: /home/plsh/self_balancing_ws/install/self_balancing_bot/share/self_balancing_bot//worlds/basic_world.sdf
[0.078s] -- Up-to-date: /home/plsh/self_balancing_ws/install/self_balancing_bot/share/ament_index/resource_index/package_run_dependencies/self_balancing_bot
[0.078s] -- Up-to-date: /home/plsh/self_balancing_ws/install/self_balancing_bot/share/ament_index/resource_index/parent_prefix_path/self_balancing_bot
[0.079s] -- Up-to-date: /home/plsh/self_balancing_ws/install/self_balancing_bot/share/self_balancing_bot/environment/ament_prefix_path.sh
[0.079s] -- Up-to-date: /home/plsh/self_balancing_ws/install/self_balancing_bot/share/self_balancing_bot/environment/ament_prefix_path.dsv
[0.079s] -- Up-to-date: /home/plsh/self_balancing_ws/install/self_balancing_bot/share/self_balancing_bot/environment/path.sh
[0.079s] -- Up-to-date: /home/plsh/self_balancing_ws/install/self_balancing_bot/share/self_balancing_bot/environment/path.dsv
[0.079s] -- Up-to-date: /home/plsh/self_balancing_ws/install/self_balancing_bot/share/self_balancing_bot/local_setup.bash
[0.079s] -- Up-to-date: /home/plsh/self_balancing_ws/install/self_balancing_bot/share/self_balancing_bot/local_setup.fish
[0.079s] -- Up-to-date: /home/plsh/self_balancing_ws/install/self_balancing_bot/share/self_balancing_bot/local_setup.sh
[0.079s] -- Up-to-date: /home/plsh/self_balancing_ws/install/self_balancing_bot/share/self_balancing_bot/local_setup.zsh
[0.079s] -- Up-to-date: /home/plsh/self_balancing_ws/install/self_balancing_bot/share/self_balancing_bot/local_setup.dsv
[0.079s] -- Installing: /home/plsh/self_balancing_ws/install/self_balancing_bot/share/self_balancing_bot/package.dsv
[0.079s] -- Up-to-date: /home/plsh/self_balancing_ws/install/self_balancing_bot/share/ament_index/resource_index/packages/self_balancing_bot
[0.080s] -- Up-to-date: /home/plsh/self_balancing_ws/install/self_balancing_bot/share/self_balancing_bot/cmake/self_balancing_botConfig.cmake
[0.080s] -- Up-to-date: /home/plsh/self_balancing_ws/install/self_balancing_bot/share/self_balancing_bot/cmake/self_balancing_botConfig-version.cmake
[0.080s] -- Up-to-date: /home/plsh/self_balancing_ws/install/self_balancing_bot/share/self_balancing_bot/package.xml
[0.080s] Invoked command in '/home/plsh/self_balancing_ws/build/self_balancing_bot' returned '0': CMAKE_PREFIX_PATH=${CMAKE_PREFIX_PATH}:/home/plsh/robotics_ws/install/arm_teleop:/opt/ros/lyrical DEBUGINFOD_URLS=https://debuginfod.ubuntu.com /usr/bin/cmake --install /home/plsh/self_balancing_ws/build/self_balancing_bot
