-- Found ament_cmake: 2.8.7 (/opt/ros/lyrical/share/ament_cmake/cmake)
-- Found ament_lint_auto: 0.20.6 (/opt/ros/lyrical/share/ament_lint_auto/cmake)
-- Added test 'flake8' to check Python code syntax and style conventions
-- Configured 'flake8' exclude dirs and/or files: 
-- Added test 'lint_cmake' to check CMake code style
-- Added test 'pep257' to check Python code against some of the docstring style conventions in PEP 257
-- Added test 'xmllint' to check XML markup files
-- Configuring done (0.3s)
-- Generating done (0.0s)
-- Build files have been written to: /home/plsh/self_balancing_ws/build/self_balancing_bot
-- Install configuration: ""
-- Up-to-date: /home/plsh/self_balancing_ws/install/self_balancing_bot/share/self_balancing_bot//launch
-- Installing: /home/plsh/self_balancing_ws/install/self_balancing_bot/share/self_balancing_bot//launch/gazebo.launch.py
-- Up-to-date: /home/plsh/self_balancing_ws/install/self_balancing_bot/share/self_balancing_bot//config
-- Up-to-date: /home/plsh/self_balancing_ws/install/self_balancing_bot/share/self_balancing_bot//urdf
-- Installing: /home/plsh/self_balancing_ws/install/self_balancing_bot/share/self_balancing_bot//urdf/robot.urdf.xacro
-- Up-to-date: /home/plsh/self_balancing_ws/install/self_balancing_bot/share/self_balancing_bot//meshes
-- Up-to-date: /home/plsh/self_balancing_ws/install/self_balancing_bot/share/self_balancing_bot//worlds
-- Up-to-date: /home/plsh/self_balancing_ws/install/self_balancing_bot/share/self_balancing_bot//worlds/basic_world.sdf
-- Up-to-date: /home/plsh/self_balancing_ws/install/self_balancing_bot/share/ament_index/resource_index/package_run_dependencies/self_balancing_bot
-- Installing: /home/plsh/self_balancing_ws/install/self_balancing_bot/share/ament_index/resource_index/parent_prefix_path/self_balancing_bot
-- Up-to-date: /home/plsh/self_balancing_ws/install/self_balancing_bot/share/self_balancing_bot/environment/ament_prefix_path.sh
-- Up-to-date: /home/plsh/self_balancing_ws/install/self_balancing_bot/share/self_balancing_bot/environment/ament_prefix_path.dsv
-- Up-to-date: /home/plsh/self_balancing_ws/install/self_balancing_bot/share/self_balancing_bot/environment/path.sh
-- Up-to-date: /home/plsh/self_balancing_ws/install/self_balancing_bot/share/self_balancing_bot/environment/path.dsv
-- Up-to-date: /home/plsh/self_balancing_ws/install/self_balancing_bot/share/self_balancing_bot/local_setup.bash
-- Up-to-date: /home/plsh/self_balancing_ws/install/self_balancing_bot/share/self_balancing_bot/local_setup.fish
-- Up-to-date: /home/plsh/self_balancing_ws/install/self_balancing_bot/share/self_balancing_bot/local_setup.sh
-- Up-to-date: /home/plsh/self_balancing_ws/install/self_balancing_bot/share/self_balancing_bot/local_setup.zsh
-- Up-to-date: /home/plsh/self_balancing_ws/install/self_balancing_bot/share/self_balancing_bot/local_setup.dsv
-- Installing: /home/plsh/self_balancing_ws/install/self_balancing_bot/share/self_balancing_bot/package.dsv
-- Up-to-date: /home/plsh/self_balancing_ws/install/self_balancing_bot/share/ament_index/resource_index/packages/self_balancing_bot
-- Up-to-date: /home/plsh/self_balancing_ws/install/self_balancing_bot/share/self_balancing_bot/cmake/self_balancing_botConfig.cmake
-- Up-to-date: /home/plsh/self_balancing_ws/install/self_balancing_bot/share/self_balancing_bot/cmake/self_balancing_botConfig-version.cmake
-- Installing: /home/plsh/self_balancing_ws/install/self_balancing_bot/share/self_balancing_bot/package.xml
