[0.014s] Invoking command in '/home/plsh/self_balancing_ws/build/self_balancing_bot': CMAKE_PREFIX_PATH=${CMAKE_PREFIX_PATH}:/home/plsh/robotics_ws/install/arm_teleop:/opt/ros/lyrical DEBUGINFOD_URLS=https://debuginfod.ubuntu.com /usr/bin/cmake --build /home/plsh/self_balancing_ws/build/self_balancing_bot -- -j12 -l12
[0.049s] -- Found ament_cmake: 2.8.7 (/opt/ros/lyrical/share/ament_cmake/cmake)
[0.245s] -- Found ament_lint_auto: 0.20.6 (/opt/ros/lyrical/share/ament_lint_auto/cmake)
[0.339s] -- Added test 'flake8' to check Python code syntax and style conventions
[0.339s] -- Configured 'flake8' exclude dirs and/or files: 
[0.340s] -- Added test 'lint_cmake' to check CMake code style
[0.340s] -- Added test 'pep257' to check Python code against some of the docstring style conventions in PEP 257
[0.342s] -- Added test 'xmllint' to check XML markup files
[0.343s] -- Configuring done (0.3s)
[0.348s] -- Generating done (0.0s)
[0.350s] -- Build files have been written to: /home/plsh/self_balancing_ws/build/self_balancing_bot
[0.373s] Invoked command in '/home/plsh/self_balancing_ws/build/self_balancing_bot' returned '0': CMAKE_PREFIX_PATH=${CMAKE_PREFIX_PATH}:/home/plsh/robotics_ws/install/arm_teleop:/opt/ros/lyrical DEBUGINFOD_URLS=https://debuginfod.ubuntu.com /usr/bin/cmake --build /home/plsh/self_balancing_ws/build/self_balancing_bot -- -j12 -l12
[0.383s] Invoking command in '/home/plsh/self_balancing_ws/build/self_balancing_bot': CMAKE_PREFIX_PATH=${CMAKE_PREFIX_PATH}:/home/plsh/robotics_ws/install/arm_teleop:/opt/ros/lyrical DEBUGINFOD_URLS=https://debuginfod.ubuntu.com /usr/bin/cmake --install /home/plsh/self_balancing_ws/build/self_balancing_bot
[0.391s] -- Install configuration: ""
[0.391s] -- Up-to-date: /home/plsh/self_balancing_ws/install/self_balancing_bot/share/self_balancing_bot//launch
[0.391s] -- Installing: /home/plsh/self_balancing_ws/install/self_balancing_bot/share/self_balancing_bot//launch/gazebo.launch.py
[0.392s] -- Up-to-date: /home/plsh/self_balancing_ws/install/self_balancing_bot/share/self_balancing_bot//config
[0.392s] -- Up-to-date: /home/plsh/self_balancing_ws/install/self_balancing_bot/share/self_balancing_bot//urdf
[0.392s] -- Installing: /home/plsh/self_balancing_ws/install/self_balancing_bot/share/self_balancing_bot//urdf/robot.urdf.xacro
[0.392s] -- Up-to-date: /home/plsh/self_balancing_ws/install/self_balancing_bot/share/self_balancing_bot//meshes
[0.392s] -- Up-to-date: /home/plsh/self_balancing_ws/install/self_balancing_bot/share/self_balancing_bot//worlds
[0.392s] -- Up-to-date: /home/plsh/self_balancing_ws/install/self_balancing_bot/share/self_balancing_bot//worlds/basic_world.sdf
[0.392s] -- Up-to-date: /home/plsh/self_balancing_ws/install/self_balancing_bot/share/ament_index/resource_index/package_run_dependencies/self_balancing_bot
[0.392s] -- Installing: /home/plsh/self_balancing_ws/install/self_balancing_bot/share/ament_index/resource_index/parent_prefix_path/self_balancing_bot
[0.392s] -- Up-to-date: /home/plsh/self_balancing_ws/install/self_balancing_bot/share/self_balancing_bot/environment/ament_prefix_path.sh
[0.392s] -- Up-to-date: /home/plsh/self_balancing_ws/install/self_balancing_bot/share/self_balancing_bot/environment/ament_prefix_path.dsv
[0.392s] -- Up-to-date: /home/plsh/self_balancing_ws/install/self_balancing_bot/share/self_balancing_bot/environment/path.sh
[0.392s] -- Up-to-date: /home/plsh/self_balancing_ws/install/self_balancing_bot/share/self_balancing_bot/environment/path.dsv
[0.393s] -- Up-to-date: /home/plsh/self_balancing_ws/install/self_balancing_bot/share/self_balancing_bot/local_setup.bash
[0.393s] -- Up-to-date: /home/plsh/self_balancing_ws/install/self_balancing_bot/share/self_balancing_bot/local_setup.fish
[0.393s] -- Up-to-date: /home/plsh/self_balancing_ws/install/self_balancing_bot/share/self_balancing_bot/local_setup.sh
[0.393s] -- Up-to-date: /home/plsh/self_balancing_ws/install/self_balancing_bot/share/self_balancing_bot/local_setup.zsh
[0.393s] -- Up-to-date: /home/plsh/self_balancing_ws/install/self_balancing_bot/share/self_balancing_bot/local_setup.dsv
[0.393s] -- Installing: /home/plsh/self_balancing_ws/install/self_balancing_bot/share/self_balancing_bot/package.dsv
[0.393s] -- Up-to-date: /home/plsh/self_balancing_ws/install/self_balancing_bot/share/ament_index/resource_index/packages/self_balancing_bot
[0.393s] -- Up-to-date: /home/plsh/self_balancing_ws/install/self_balancing_bot/share/self_balancing_bot/cmake/self_balancing_botConfig.cmake
[0.393s] -- Up-to-date: /home/plsh/self_balancing_ws/install/self_balancing_bot/share/self_balancing_bot/cmake/self_balancing_botConfig-version.cmake
[0.393s] -- Installing: /home/plsh/self_balancing_ws/install/self_balancing_bot/share/self_balancing_bot/package.xml
[0.394s] Invoked command in '/home/plsh/self_balancing_ws/build/self_balancing_bot' returned '0': CMAKE_PREFIX_PATH=${CMAKE_PREFIX_PATH}:/home/plsh/robotics_ws/install/arm_teleop:/opt/ros/lyrical DEBUGINFOD_URLS=https://debuginfod.ubuntu.com /usr/bin/cmake --install /home/plsh/self_balancing_ws/build/self_balancing_bot
